wear/build/intermediates/manifest_merge_blame_file/debug/processDebugMainManifest/manifest-merger-blame-debug-report.txt
1<?xml version="1.0" encoding="utf-8"?>
2<manifest xmlns:android="http://schemas.android.com/apk/res/android"
3    package="com.lomito.seguro.wear"
4    android:versionCode="1"
5    android:versionName="1.0" >
6
7    <uses-sdk
8        android:minSdkVersion="26"
9        android:targetSdkVersion="34" />
10
11    <uses-feature android:name="android.hardware.type.watch" />
11-->src\main\AndroidManifest.xml:4:5-63
11-->src\main\AndroidManifest.xml:4:19-61
12
13    <uses-permission android:name="android.permission.VIBRATE" />
13-->src\main\AndroidManifest.xml:6:5-65
13-->src\main\AndroidManifest.xml:6:22-63
14    <uses-permission android:name="android.permission.WAKE_LOCK" />
14-->src\main\AndroidManifest.xml:7:5-67
14-->src\main\AndroidManifest.xml:7:22-65
15    <uses-permission android:name="android.permission.ACCESS_FINE_LOCATION" />
15-->src\main\AndroidManifest.xml:8:5-78
15-->src\main\AndroidManifest.xml:8:22-76
16    <uses-permission android:name="android.permission.ACCESS_COARSE_LOCATION" />
16-->src\main\AndroidManifest.xml:9:5-80
16-->src\main\AndroidManifest.xml:9:22-78
17    <uses-permission android:name="android.permission.RECEIVE_BOOT_COMPLETED" />
17-->src\main\AndroidManifest.xml:10:5-80
17-->src\main\AndroidManifest.xml:10:22-78
18    <uses-permission android:name="android.permission.INTERNET" />
18-->src\main\AndroidManifest.xml:11:5-66
18-->src\main\AndroidManifest.xml:11:22-64
19    <uses-permission android:name="android.permission.ACCESS_NETWORK_STATE" />
19-->src\main\AndroidManifest.xml:12:5-78
19-->src\main\AndroidManifest.xml:12:22-76
20    <uses-permission android:name="android.permission.FOREGROUND_SERVICE" />
20-->src\main\AndroidManifest.xml:13:5-76
20-->src\main\AndroidManifest.xml:13:22-74
21    <uses-permission android:name="android.permission.FOREGROUND_SERVICE_DATA_SYNC" />
21-->src\main\AndroidManifest.xml:14:5-86
21-->src\main\AndroidManifest.xml:14:22-84
22    <uses-permission android:name="android.permission.POST_NOTIFICATIONS" />
22-->src\main\AndroidManifest.xml:15:5-76
22-->src\main\AndroidManifest.xml:15:22-74
23
24    <permission
24-->[androidx.core:core:1.13.1] AndroidManifest.xml:22:5-24:47
25        android:name="com.lomito.seguro.wear.DYNAMIC_RECEIVER_NOT_EXPORTED_PERMISSION"
25-->[androidx.core:core:1.13.1] AndroidManifest.xml:23:9-81
26        android:protectionLevel="signature" />
26-->[androidx.core:core:1.13.1] AndroidManifest.xml:24:9-44
27
28    <uses-permission android:name="com.lomito.seguro.wear.DYNAMIC_RECEIVER_NOT_EXPORTED_PERMISSION" />
28-->[androidx.core:core:1.13.1] AndroidManifest.xml:26:5-97
28-->[androidx.core:core:1.13.1] AndroidManifest.xml:26:22-94
29
30    <application
30-->src\main\AndroidManifest.xml:17:5-131:19
31        android:allowBackup="true"
31-->src\main\AndroidManifest.xml:18:9-35
32        android:appComponentFactory="androidx.core.app.CoreComponentFactory"
32-->[androidx.core:core:1.13.1] AndroidManifest.xml:28:18-86
33        android:debuggable="true"
34        android:extractNativeLibs="false"
35        android:label="@string/app_name"
35-->src\main\AndroidManifest.xml:19:9-41
36        android:networkSecurityConfig="@xml/network_security_config"
36-->src\main\AndroidManifest.xml:22:9-69
37        android:testOnly="true"
38        android:theme="@android:style/Theme.DeviceDefault"
38-->src\main\AndroidManifest.xml:20:9-59
39        android:usesCleartextTraffic="true" >
39-->src\main\AndroidManifest.xml:21:9-44
40        <uses-library
40-->src\main\AndroidManifest.xml:24:9-91
41            android:name="com.google.android.wearable"
41-->src\main\AndroidManifest.xml:24:23-65
42            android:required="true" />
42-->src\main\AndroidManifest.xml:24:66-89
43
44        <meta-data
44-->src\main\AndroidManifest.xml:25:9-97
45            android:name="com.google.android.wearable.standalone"
45-->src\main\AndroidManifest.xml:25:20-73
46            android:value="false" />
46-->src\main\AndroidManifest.xml:25:74-95
47
48        <activity
48-->src\main\AndroidManifest.xml:27:9-30:65
49            android:name="com.lomito.seguro.wear.ui.home.WearMainActivity"
49-->src\main\AndroidManifest.xml:28:13-53
50            android:exported="false"
50-->src\main\AndroidManifest.xml:29:13-37
51            android:theme="@android:style/Theme.DeviceDefault" />
51-->src\main\AndroidManifest.xml:30:13-63
52        <activity
52-->src\main\AndroidManifest.xml:32:9-35:65
53            android:name="com.lomito.seguro.wear.ui.alert.AlertActivity"
53-->src\main\AndroidManifest.xml:33:13-51
54            android:exported="false"
54-->src\main\AndroidManifest.xml:34:13-37
55            android:theme="@android:style/Theme.DeviceDefault" />
55-->src\main\AndroidManifest.xml:35:13-63
56        <activity
56-->src\main\AndroidManifest.xml:37:9-40:65
57            android:name="com.lomito.seguro.wear.ui.report.ReportActivity"
57-->src\main\AndroidManifest.xml:38:13-53
58            android:exported="false"
58-->src\main\AndroidManifest.xml:39:13-37
59            android:theme="@android:style/Theme.DeviceDefault" />
59-->src\main\AndroidManifest.xml:40:13-63
60        <activity
60-->src\main\AndroidManifest.xml:42:9-45:65
61            android:name="com.lomito.seguro.wear.ui.report.MascotaPerdidaDetailActivity"
61-->src\main\AndroidManifest.xml:43:13-67
62            android:exported="false"
62-->src\main\AndroidManifest.xml:44:13-37
63            android:theme="@android:style/Theme.DeviceDefault" />
63-->src\main\AndroidManifest.xml:45:13-63
64        <activity
64-->src\main\AndroidManifest.xml:47:9-50:65
65            android:name="com.lomito.seguro.wear.ui.report.AgregarMascotaPerdidaActivity"
65-->src\main\AndroidManifest.xml:48:13-68
66            android:exported="false"
66-->src\main\AndroidManifest.xml:49:13-37
67            android:theme="@android:style/Theme.DeviceDefault" />
67-->src\main\AndroidManifest.xml:50:13-63
68        <activity
68-->src\main\AndroidManifest.xml:52:9-60:20
69            android:name="com.lomito.seguro.wear.ui.dashboard.DashboardActivity"
69-->src\main\AndroidManifest.xml:53:13-59
70            android:exported="true"
70-->src\main\AndroidManifest.xml:54:13-36
71            android:theme="@android:style/Theme.DeviceDefault" >
71-->src\main\AndroidManifest.xml:55:13-63
72            <intent-filter>
72-->src\main\AndroidManifest.xml:56:13-59:29
73                <action android:name="android.intent.action.MAIN" />
73-->src\main\AndroidManifest.xml:57:17-68
73-->src\main\AndroidManifest.xml:57:25-66
74
75                <category android:name="android.intent.category.LAUNCHER" />
75-->src\main\AndroidManifest.xml:58:17-76
75-->src\main\AndroidManifest.xml:58:27-74
76            </intent-filter>
77        </activity>
78        <activity
78-->src\main\AndroidManifest.xml:62:9-65:65
79            android:name="com.lomito.seguro.wear.ui.mascota.MascotaListActivity"
79-->src\main\AndroidManifest.xml:63:13-59
80            android:exported="false"
80-->src\main\AndroidManifest.xml:64:13-37
81            android:theme="@android:style/Theme.DeviceDefault" />
81-->src\main\AndroidManifest.xml:65:13-63
82        <activity
82-->src\main\AndroidManifest.xml:67:9-70:65
83            android:name="com.lomito.seguro.wear.ui.mascota.AddMascotaActivity"
83-->src\main\AndroidManifest.xml:68:13-58
84            android:exported="false"
84-->src\main\AndroidManifest.xml:69:13-37
85            android:theme="@android:style/Theme.DeviceDefault" />
85-->src\main\AndroidManifest.xml:70:13-63
86        <activity
86-->src\main\AndroidManifest.xml:72:9-75:65
87            android:name="com.lomito.seguro.wear.ui.settings.SettingsActivity"
87-->src\main\AndroidManifest.xml:73:13-57
88            android:exported="false"
88-->src\main\AndroidManifest.xml:74:13-37
89            android:theme="@android:style/Theme.DeviceDefault" />
89-->src\main\AndroidManifest.xml:75:13-63
90        <activity
90-->src\main\AndroidManifest.xml:77:9-80:65
91            android:name="com.lomito.seguro.wear.ui.selection.SelectionActivity"
91-->src\main\AndroidManifest.xml:78:13-59
92            android:exported="false"
92-->src\main\AndroidManifest.xml:79:13-37
93            android:theme="@android:style/Theme.DeviceDefault" />
93-->src\main\AndroidManifest.xml:80:13-63
94        <activity
94-->src\main\AndroidManifest.xml:82:9-85:65
95            android:name="com.lomito.seguro.wear.ui.mascota.MascotaDetailActivity"
95-->src\main\AndroidManifest.xml:83:13-61
96            android:exported="false"
96-->src\main\AndroidManifest.xml:84:13-37
97            android:theme="@android:style/Theme.DeviceDefault" />
97-->src\main\AndroidManifest.xml:85:13-63
98        <activity
98-->src\main\AndroidManifest.xml:87:9-90:65
99            android:name="com.lomito.seguro.wear.ui.report.ReportarAvistamientoActivity"
99-->src\main\AndroidManifest.xml:88:13-67
100            android:exported="false"
100-->src\main\AndroidManifest.xml:89:13-37
101            android:theme="@android:style/Theme.DeviceDefault" />
101-->src\main\AndroidManifest.xml:90:13-63
102        <activity
102-->src\main\AndroidManifest.xml:92:9-95:65
103            android:name="com.lomito.seguro.wear.ui.mascota.MarcarPerdidaActivity"
103-->src\main\AndroidManifest.xml:93:13-61
104            android:exported="false"
104-->src\main\AndroidManifest.xml:94:13-37
105            android:theme="@android:style/Theme.DeviceDefault" />
105-->src\main\AndroidManifest.xml:95:13-63
106
107        <!-- ✅ Servicio para recibir mensajes del móvil -->
108        <service
108-->src\main\AndroidManifest.xml:98:9-123:19
109            android:name="com.lomito.seguro.wear.data.WearMessageService"
109-->src\main\AndroidManifest.xml:99:13-52
110            android:exported="true"
110-->src\main\AndroidManifest.xml:100:13-36
111            android:permission="com.google.android.gms.wearable.BIND_WEARABLE_LISTENER" >
111-->src\main\AndroidManifest.xml:101:13-88
112            <intent-filter>
112-->src\main\AndroidManifest.xml:102:13-105:29
113                <action android:name="com.google.android.gms.wearable.MESSAGE_RECEIVED" />
113-->src\main\AndroidManifest.xml:103:17-90
113-->src\main\AndroidManifest.xml:103:25-88
114
115                <data
115-->src\main\AndroidManifest.xml:104:17-99
116                    android:host="*"
116-->src\main\AndroidManifest.xml:104:45-61
117                    android:pathPrefix="/ble/distancia"
117-->src\main\AndroidManifest.xml:104:62-97
118                    android:scheme="wear" />
118-->src\main\AndroidManifest.xml:104:23-44
119            </intent-filter>
120            <intent-filter>
120-->src\main\AndroidManifest.xml:106:13-109:29
121                <action android:name="com.google.android.gms.wearable.DATA_CHANGED" />
121-->src\main\AndroidManifest.xml:107:17-86
121-->src\main\AndroidManifest.xml:107:25-84
122
123                <data
123-->src\main\AndroidManifest.xml:104:17-99
124                    android:host="*"
124-->src\main\AndroidManifest.xml:104:45-61
125                    android:pathPrefix="/ble/distancia"
125-->src\main\AndroidManifest.xml:104:62-97
126                    android:scheme="wear" />
126-->src\main\AndroidManifest.xml:104:23-44
127            </intent-filter>
128            <!-- ✅ Agregar más paths para recibir mensajes -->
129            <intent-filter>
129-->src\main\AndroidManifest.xml:111:13-114:29
130                <action android:name="com.google.android.gms.wearable.MESSAGE_RECEIVED" />
130-->src\main\AndroidManifest.xml:103:17-90
130-->src\main\AndroidManifest.xml:103:25-88
131
132                <data
132-->src\main\AndroidManifest.xml:104:17-99
133                    android:host="*"
133-->src\main\AndroidManifest.xml:104:45-61
134                    android:pathPrefix="/watch"
134-->src\main\AndroidManifest.xml:104:62-97
135                    android:scheme="wear" />
135-->src\main\AndroidManifest.xml:104:23-44
136            </intent-filter>
137            <intent-filter>
137-->src\main\AndroidManifest.xml:115:13-118:29
138                <action android:name="com.google.android.gms.wearable.MESSAGE_RECEIVED" />
138-->src\main\AndroidManifest.xml:103:17-90
138-->src\main\AndroidManifest.xml:103:25-88
139
140                <data
140-->src\main\AndroidManifest.xml:104:17-99
141                    android:host="*"
141-->src\main\AndroidManifest.xml:104:45-61
142                    android:pathPrefix="/mascota"
142-->src\main\AndroidManifest.xml:104:62-97
143                    android:scheme="wear" />
143-->src\main\AndroidManifest.xml:104:23-44
144            </intent-filter>
145            <intent-filter>
145-->src\main\AndroidManifest.xml:119:13-122:29
146                <action android:name="com.google.android.gms.wearable.MESSAGE_RECEIVED" />
146-->src\main\AndroidManifest.xml:103:17-90
146-->src\main\AndroidManifest.xml:103:25-88
147
148                <data
148-->src\main\AndroidManifest.xml:104:17-99
149                    android:host="*"
149-->src\main\AndroidManifest.xml:104:45-61
150                    android:pathPrefix="/alerta"
150-->src\main\AndroidManifest.xml:104:62-97
151                    android:scheme="wear" />
151-->src\main\AndroidManifest.xml:104:23-44
152            </intent-filter>
153        </service>
154
155        <!-- Servicio de polling global -->
156        <service
156-->src\main\AndroidManifest.xml:126:9-129:39
157            android:name="com.lomito.seguro.wear.data.PollingService"
157-->src\main\AndroidManifest.xml:127:13-48
158            android:exported="false"
158-->src\main\AndroidManifest.xml:129:13-37
159            android:foregroundServiceType="dataSync" />
159-->src\main\AndroidManifest.xml:128:13-53
160
161        <activity
161-->[com.google.android.gms:play-services-base:18.5.0] AndroidManifest.xml:5:9-173
162            android:name="com.google.android.gms.common.api.GoogleApiActivity"
162-->[com.google.android.gms:play-services-base:18.5.0] AndroidManifest.xml:5:19-85
163            android:exported="false"
163-->[com.google.android.gms:play-services-base:18.5.0] AndroidManifest.xml:5:146-170
164            android:theme="@android:style/Theme.Translucent.NoTitleBar" />
164-->[com.google.android.gms:play-services-base:18.5.0] AndroidManifest.xml:5:86-145
165
166        <provider
166-->[androidx.emoji2:emoji2:1.3.0] AndroidManifest.xml:24:9-32:20
167            android:name="androidx.startup.InitializationProvider"
167-->[androidx.emoji2:emoji2:1.3.0] AndroidManifest.xml:25:13-67
168            android:authorities="com.lomito.seguro.wear.androidx-startup"
168-->[androidx.emoji2:emoji2:1.3.0] AndroidManifest.xml:26:13-68
169            android:exported="false" >
169-->[androidx.emoji2:emoji2:1.3.0] AndroidManifest.xml:27:13-37
170            <meta-data
170-->[androidx.emoji2:emoji2:1.3.0] AndroidManifest.xml:29:13-31:52
171                android:name="androidx.emoji2.text.EmojiCompatInitializer"
171-->[androidx.emoji2:emoji2:1.3.0] AndroidManifest.xml:30:17-75
172                android:value="androidx.startup" />
172-->[androidx.emoji2:emoji2:1.3.0] AndroidManifest.xml:31:17-49
173            <meta-data
173-->[androidx.lifecycle:lifecycle-process:2.8.0] AndroidManifest.xml:29:13-31:52
174                android:name="androidx.lifecycle.ProcessLifecycleInitializer"
174-->[androidx.lifecycle:lifecycle-process:2.8.0] AndroidManifest.xml:30:17-78
175                android:value="androidx.startup" />
175-->[androidx.lifecycle:lifecycle-process:2.8.0] AndroidManifest.xml:31:17-49
176            <meta-data
176-->[androidx.profileinstaller:profileinstaller:1.3.1] AndroidManifest.xml:29:13-31:52
177                android:name="androidx.profileinstaller.ProfileInstallerInitializer"
177-->[androidx.profileinstaller:profileinstaller:1.3.1] AndroidManifest.xml:30:17-85
178                android:value="androidx.startup" />
178-->[androidx.profileinstaller:profileinstaller:1.3.1] AndroidManifest.xml:31:17-49
179        </provider>
180
181        <meta-data
181-->[com.google.android.gms:play-services-basement:18.4.0] AndroidManifest.xml:6:9-122
182            android:name="com.google.android.gms.version"
182-->[com.google.android.gms:play-services-basement:18.4.0] AndroidManifest.xml:6:20-65
183            android:value="@integer/google_play_services_version" />
183-->[com.google.android.gms:play-services-basement:18.4.0] AndroidManifest.xml:6:66-119
184
185        <receiver
185-->[androidx.profileinstaller:profileinstaller:1.3.1] AndroidManifest.xml:34:9-52:20
186            android:name="androidx.profileinstaller.ProfileInstallReceiver"
186-->[androidx.profileinstaller:profileinstaller:1.3.1] AndroidManifest.xml:35:13-76
187            android:directBootAware="false"
187-->[androidx.profileinstaller:profileinstaller:1.3.1] AndroidManifest.xml:36:13-44
188            android:enabled="true"
188-->[androidx.profileinstaller:profileinstaller:1.3.1] AndroidManifest.xml:37:13-35
189            android:exported="true"
189-->[androidx.profileinstaller:profileinstaller:1.3.1] AndroidManifest.xml:38:13-36
190            android:permission="android.permission.DUMP" >
190-->[androidx.profileinstaller:profileinstaller:1.3.1] AndroidManifest.xml:39:13-57
191            <intent-filter>
191-->[androidx.profileinstaller:profileinstaller:1.3.1] AndroidManifest.xml:40:13-42:29
192                <action android:name="androidx.profileinstaller.action.INSTALL_PROFILE" />
192-->[androidx.profileinstaller:profileinstaller:1.3.1] AndroidManifest.xml:41:17-91
192-->[androidx.profileinstaller:profileinstaller:1.3.1] AndroidManifest.xml:41:25-88
193            </intent-filter>
194            <intent-filter>
194-->[androidx.profileinstaller:profileinstaller:1.3.1] AndroidManifest.xml:43:13-45:29
195                <action android:name="androidx.profileinstaller.action.SKIP_FILE" />
195-->[androidx.profileinstaller:profileinstaller:1.3.1] AndroidManifest.xml:44:17-85
195-->[androidx.profileinstaller:profileinstaller:1.3.1] AndroidManifest.xml:44:25-82
196            </intent-filter>
197            <intent-filter>
197-->[androidx.profileinstaller:profileinstaller:1.3.1] AndroidManifest.xml:46:13-48:29
198                <action android:name="androidx.profileinstaller.action.SAVE_PROFILE" />
198-->[androidx.profileinstaller:profileinstaller:1.3.1] AndroidManifest.xml:47:17-88
198-->[androidx.profileinstaller:profileinstaller:1.3.1] AndroidManifest.xml:47:25-85
199            </intent-filter>
200            <intent-filter>
200-->[androidx.profileinstaller:profileinstaller:1.3.1] AndroidManifest.xml:49:13-51:29
201                <action android:name="androidx.profileinstaller.action.BENCHMARK_OPERATION" />
201-->[androidx.profileinstaller:profileinstaller:1.3.1] AndroidManifest.xml:50:17-95
201-->[androidx.profileinstaller:profileinstaller:1.3.1] AndroidManifest.xml:50:25-92
202            </intent-filter>
203        </receiver>
204    </application>
205
206</manifest>